c:\users\student\desktop\授業メモ\プロ応：授業メモ\プログラム\shot_re_flection\release\vc140.pdb
c:\users\student\desktop\授業メモ\プロ応：授業メモ\プログラム\shot_re_flection\release\scene.obj
c:\users\student\desktop\授業メモ\プロ応：授業メモ\プログラム\shot_re_flection\release\result.obj
c:\users\student\desktop\授業メモ\プロ応：授業メモ\プログラム\shot_re_flection\release\renderer.obj
c:\users\student\desktop\授業メモ\プロ応：授業メモ\プログラム\shot_re_flection\release\player.obj
c:\users\student\desktop\授業メモ\プロ応：授業メモ\プログラム\shot_re_flection\release\number.obj
c:\users\student\desktop\授業メモ\プロ応：授業メモ\プログラム\shot_re_flection\release\manager.obj
c:\users\student\desktop\授業メモ\プロ応：授業メモ\プログラム\shot_re_flection\release\main.obj
c:\users\student\desktop\授業メモ\プロ応：授業メモ\プログラム\shot_re_flection\release\life.obj
c:\users\student\desktop\授業メモ\プロ応：授業メモ\プログラム\shot_re_flection\release\keyboard.obj
c:\users\student\desktop\授業メモ\プロ応：授業メモ\プログラム\shot_re_flection\release\item.obj
c:\users\student\desktop\授業メモ\プロ応：授業メモ\プログラム\shot_re_flection\release\input.obj
c:\users\student\desktop\授業メモ\プロ応：授業メモ\プログラム\shot_re_flection\release\game.obj
c:\users\student\desktop\授業メモ\プロ応：授業メモ\プログラム\shot_re_flection\release\fade.obj
c:\users\student\desktop\授業メモ\プロ応：授業メモ\プログラム\shot_re_flection\release\explosion.obj
c:\users\student\desktop\授業メモ\プロ応：授業メモ\プログラム\shot_re_flection\release\enemy.obj
c:\users\student\desktop\授業メモ\プロ応：授業メモ\プログラム\shot_re_flection\release\effect.obj
c:\users\student\desktop\授業メモ\プロ応：授業メモ\プログラム\shot_re_flection\release\data.obj
c:\users\student\desktop\授業メモ\プロ応：授業メモ\プログラム\shot_re_flection\release\bullet.obj
c:\users\student\desktop\授業メモ\プロ応：授業メモ\プログラム\shot_re_flection\release\boss.obj
c:\users\student\desktop\授業メモ\プロ応：授業メモ\プログラム\shot_re_flection\release\bg.obj
c:\users\student\desktop\授業メモ\プロ応：授業メモ\プログラム\shot_re_flection\release\title.obj
c:\users\student\desktop\授業メモ\プロ応：授業メモ\プログラム\shot_re_flection\release\sound.obj
c:\users\student\desktop\授業メモ\プロ応：授業メモ\プログラム\shot_re_flection\release\score.obj
c:\users\student\desktop\授業メモ\プロ応：授業メモ\プログラム\shot_re_flection\release\scene2d.obj
c:\users\student\desktop\授業メモ\プロ応：授業メモ\プログラム\shot_re_flection\release\shot_re_flection.tlog\cl.command.1.tlog
c:\users\student\desktop\授業メモ\プロ応：授業メモ\プログラム\shot_re_flection\release\shot_re_flection.tlog\cl.read.1.tlog
c:\users\student\desktop\授業メモ\プロ応：授業メモ\プログラム\shot_re_flection\release\shot_re_flection.tlog\cl.write.1.tlog
c:\users\student\desktop\授業メモ\プロ応：授業メモ\プログラム\shot_re_flection\release\shot_re_flection.tlog\link.command.1.tlog
c:\users\student\desktop\授業メモ\プロ応：授業メモ\プログラム\shot_re_flection\release\shot_re_flection.tlog\link.read.1.tlog
c:\users\student\desktop\授業メモ\プロ応：授業メモ\プログラム\shot_re_flection\release\shot_re_flection.tlog\link.write.1.tlog
