  scene2D.cpp
  scene.cpp
  bullet.cpp
  boss.cpp
  bg.cpp
  コードを生成中...
  コンパイル中...
  title.cpp
  score.cpp
  result.cpp
  renderer.cpp
  player.cpp
  number.cpp
  manager.cpp
  life.cpp
  game.cpp
  explosion.cpp
  enemy.cpp
  effect.cpp
  コードを生成中...
  スキップ中... (関連する変更は検出されませんでした)
  main.cpp
  Shot_Re_flection.vcxproj -> C:\Users\student\Desktop\授業メモ\プロ応：授業メモ\プログラム\Shot_Re_flection\Debug\Shot_Re_flection.exe
  Shot_Re_flection.vcxproj -> C:\Users\student\Desktop\授業メモ\プロ応：授業メモ\プログラム\Shot_Re_flection\Debug\Shot_Re_flection.pdb (Full PDB)
