C:\Program Files (x86)\MSBuild\Microsoft.Cpp\v4.0\V140\Microsoft.CppBuild.targets(392,5): warning MSB8028: The intermediate directory (Release\) contains files shared from another project (2D_Action.vcxproj).  This can lead to incorrect clean and rebuild behavior.
  BG.cpp
  Score.cpp
  block.cpp
  fade.cpp
  game.cpp
  input.cpp
  main.cpp
  pause.cpp
  player.cpp
  result.cpp
  sound.cpp
  timer.cpp
  title.cpp
  tutorial.cpp
  wire.cpp
  コード生成しています。
  4 of 113 functions ( 3.5%) were compiled, the rest were copied from previous compilation.
    0 functions were new in current compilation
    4 functions had inline decision re-evaluated but remain unchanged
  コード生成が終了しました。
  2D_Action.vcxproj -> C:\Users\student\Desktop\Katano_Game\吉田学園情報ビジネス専門学校_片野裕哉\Flying_Rope\開発環境\Flying_Rope.exe
  2D_Action.vcxproj -> C:\Users\student\Desktop\Katano_Game\吉田学園情報ビジネス専門学校_片野裕哉\Flying_Rope\開発環境\Flying_Rope.pdb (Full PDB)
